This is pdfTeX, Version 3.1415926-2.5-1.40.14 (TeX Live 2013/Debian) (format=pdflatex 2014.4.29)  18 JUN 2014 21:48
entering extended mode
 restricted \write18 enabled.
 %&-line parsing enabled.
**studynotes.tex
(./studynotes.tex
LaTeX2e <2011/06/27>
Babel <3.9f> and hyphenation patterns for 2 languages loaded.
(/usr/share/texlive/texmf-dist/tex/latex/base/report.cls
Document Class: report 2007/10/19 v1.4h Standard LaTeX document class
(/usr/share/texlive/texmf-dist/tex/latex/base/size10.clo
File: size10.clo 2007/10/19 v1.4h Standard LaTeX file (size option)
)
\c@part=\count79
\c@chapter=\count80
\c@section=\count81
\c@subsection=\count82
\c@subsubsection=\count83
\c@paragraph=\count84
\c@subparagraph=\count85
\c@figure=\count86
\c@table=\count87
\abovecaptionskip=\skip41
\belowcaptionskip=\skip42
\bibindent=\dimen102
)
(/usr/share/texlive/texmf-dist/tex/latex/amsfonts/amsfonts.sty
Package: amsfonts 2013/01/14 v3.01 Basic AMSFonts support
\@emptytoks=\toks14
\symAMSa=\mathgroup4
\symAMSb=\mathgroup5
LaTeX Font Info:    Overwriting math alphabet `\mathfrak' in version `bold'
(Font)                  U/euf/m/n --> U/euf/b/n on input line 106.
)
(/usr/share/texlive/texmf-dist/tex/latex/amsmath/amsmath.sty
Package: amsmath 2013/01/14 v2.14 AMS math features
\@mathmargin=\skip43

For additional information on amsmath, use the `?' option.
(/usr/share/texlive/texmf-dist/tex/latex/amsmath/amstext.sty
Package: amstext 2000/06/29 v2.01

(/usr/share/texlive/texmf-dist/tex/latex/amsmath/amsgen.sty
File: amsgen.sty 1999/11/30 v2.0
\@emptytoks=\toks15
\ex@=\dimen103
))
(/usr/share/texlive/texmf-dist/tex/latex/amsmath/amsbsy.sty
Package: amsbsy 1999/11/29 v1.2d
\pmbraise@=\dimen104
)
(/usr/share/texlive/texmf-dist/tex/latex/amsmath/amsopn.sty
Package: amsopn 1999/12/14 v2.01 operator names
)
\inf@bad=\count88
LaTeX Info: Redefining \frac on input line 210.
\uproot@=\count89
\leftroot@=\count90
LaTeX Info: Redefining \overline on input line 306.
\classnum@=\count91
\DOTSCASE@=\count92
LaTeX Info: Redefining \ldots on input line 378.
LaTeX Info: Redefining \dots on input line 381.
LaTeX Info: Redefining \cdots on input line 466.
\Mathstrutbox@=\box26
\strutbox@=\box27
\big@size=\dimen105
LaTeX Font Info:    Redeclaring font encoding OML on input line 566.
LaTeX Font Info:    Redeclaring font encoding OMS on input line 567.
\macc@depth=\count93
\c@MaxMatrixCols=\count94
\dotsspace@=\muskip10
\c@parentequation=\count95
\dspbrk@lvl=\count96
\tag@help=\toks16
\row@=\count97
\column@=\count98
\maxfields@=\count99
\andhelp@=\toks17
\eqnshift@=\dimen106
\alignsep@=\dimen107
\tagshift@=\dimen108
\tagwidth@=\dimen109
\totwidth@=\dimen110
\lineht@=\dimen111
\@envbody=\toks18
\multlinegap=\skip44
\multlinetaggap=\skip45
\mathdisplay@stack=\toks19
LaTeX Info: Redefining \[ on input line 2665.
LaTeX Info: Redefining \] on input line 2666.
)
(/usr/share/texlive/texmf-dist/tex/latex/hyperref/hyperref.sty
Package: hyperref 2012/11/06 v6.83m Hypertext links for LaTeX

(/usr/share/texlive/texmf-dist/tex/generic/oberdiek/hobsub-hyperref.sty
Package: hobsub-hyperref 2012/05/28 v1.13 Bundle oberdiek, subset hyperref (HO)


(/usr/share/texlive/texmf-dist/tex/generic/oberdiek/hobsub-generic.sty
Package: hobsub-generic 2012/05/28 v1.13 Bundle oberdiek, subset generic (HO)
Package: hobsub 2012/05/28 v1.13 Construct package bundles (HO)
Package: infwarerr 2010/04/08 v1.3 Providing info/warning/error messages (HO)
Package: ltxcmds 2011/11/09 v1.22 LaTeX kernel commands for general use (HO)
Package: ifluatex 2010/03/01 v1.3 Provides the ifluatex switch (HO)
Package ifluatex Info: LuaTeX not detected.
Package: ifvtex 2010/03/01 v1.5 Detect VTeX and its facilities (HO)
Package ifvtex Info: VTeX not detected.
Package: intcalc 2007/09/27 v1.1 Expandable calculations with integers (HO)
Package: ifpdf 2011/01/30 v2.3 Provides the ifpdf switch (HO)
Package ifpdf Info: pdfTeX in PDF mode is detected.
Package: etexcmds 2011/02/16 v1.5 Avoid name clashes with e-TeX commands (HO)
Package etexcmds Info: Could not find \expanded.
(etexcmds)             That can mean that you are not using pdfTeX 1.50 or
(etexcmds)             that some package has redefined \expanded.
(etexcmds)             In the latter case, load this package earlier.
Package: kvsetkeys 2012/04/25 v1.16 Key value parser (HO)
Package: kvdefinekeys 2011/04/07 v1.3 Define keys (HO)
Package: pdftexcmds 2011/11/29 v0.20 Utility functions of pdfTeX for LuaTeX (HO
)
Package pdftexcmds Info: LuaTeX not detected.
Package pdftexcmds Info: \pdf@primitive is available.
Package pdftexcmds Info: \pdf@ifprimitive is available.
Package pdftexcmds Info: \pdfdraftmode found.
Package: pdfescape 2011/11/25 v1.13 Implements pdfTeX's escape features (HO)
Package: bigintcalc 2012/04/08 v1.3 Expandable calculations on big integers (HO
)
Package: bitset 2011/01/30 v1.1 Handle bit-vector datatype (HO)
Package: uniquecounter 2011/01/30 v1.2 Provide unlimited unique counter (HO)
)
Package hobsub Info: Skipping package `hobsub' (already loaded).
Package: letltxmacro 2010/09/02 v1.4 Let assignment for LaTeX macros (HO)
Package: hopatch 2012/05/28 v1.2 Wrapper for package hooks (HO)
Package: xcolor-patch 2011/01/30 xcolor patch
Package: atveryend 2011/06/30 v1.8 Hooks at the very end of document (HO)
Package atveryend Info: \enddocument detected (standard20110627).
Package: atbegshi 2011/10/05 v1.16 At begin shipout hook (HO)
Package: refcount 2011/10/16 v3.4 Data extraction from label references (HO)
Package: hycolor 2011/01/30 v1.7 Color options for hyperref/bookmark (HO)
)
(/usr/share/texlive/texmf-dist/tex/latex/graphics/keyval.sty
Package: keyval 1999/03/16 v1.13 key=value parser (DPC)
\KV@toks@=\toks20
)
(/usr/share/texlive/texmf-dist/tex/generic/ifxetex/ifxetex.sty
Package: ifxetex 2010/09/12 v0.6 Provides ifxetex conditional
)
(/usr/share/texlive/texmf-dist/tex/latex/oberdiek/auxhook.sty
Package: auxhook 2011/03/04 v1.3 Hooks for auxiliary files (HO)
)
(/usr/share/texlive/texmf-dist/tex/latex/oberdiek/kvoptions.sty
Package: kvoptions 2011/06/30 v3.11 Key value format for package options (HO)
)
\@linkdim=\dimen112
\Hy@linkcounter=\count100
\Hy@pagecounter=\count101

(/usr/share/texlive/texmf-dist/tex/latex/hyperref/pd1enc.def
File: pd1enc.def 2012/11/06 v6.83m Hyperref: PDFDocEncoding definition (HO)
)
\Hy@SavedSpaceFactor=\count102

(/usr/share/texlive/texmf-dist/tex/latex/latexconfig/hyperref.cfg
File: hyperref.cfg 2002/06/06 v1.2 hyperref configuration of TeXLive
)
Package hyperref Info: Hyper figures OFF on input line 4443.
Package hyperref Info: Link nesting OFF on input line 4448.
Package hyperref Info: Hyper index ON on input line 4451.
Package hyperref Info: Plain pages OFF on input line 4458.
Package hyperref Info: Backreferencing OFF on input line 4463.
Package hyperref Info: Implicit mode ON; LaTeX internals redefined.
Package hyperref Info: Bookmarks ON on input line 4688.
\c@Hy@tempcnt=\count103

(/usr/share/texlive/texmf-dist/tex/latex/url/url.sty
\Urlmuskip=\muskip11
Package: url 2006/04/12  ver 3.3  Verb mode for urls, etc.
)
LaTeX Info: Redefining \url on input line 5041.
\XeTeXLinkMargin=\dimen113
\Fld@menulength=\count104
\Field@Width=\dimen114
\Fld@charsize=\dimen115
Package hyperref Info: Hyper figures OFF on input line 6295.
Package hyperref Info: Link nesting OFF on input line 6300.
Package hyperref Info: Hyper index ON on input line 6303.
Package hyperref Info: backreferencing OFF on input line 6310.
Package hyperref Info: Link coloring OFF on input line 6315.
Package hyperref Info: Link coloring with OCG OFF on input line 6320.
Package hyperref Info: PDF/A mode OFF on input line 6325.
LaTeX Info: Redefining \ref on input line 6365.
LaTeX Info: Redefining \pageref on input line 6369.
\Hy@abspage=\count105
\c@Item=\count106
\c@Hfootnote=\count107
)

Package hyperref Message: Driver (autodetected): hpdftex.

(/usr/share/texlive/texmf-dist/tex/latex/hyperref/hpdftex.def
File: hpdftex.def 2012/11/06 v6.83m Hyperref driver for pdfTeX
\Fld@listcount=\count108
\c@bookmark@seq@number=\count109

(/usr/share/texlive/texmf-dist/tex/latex/oberdiek/rerunfilecheck.sty
Package: rerunfilecheck 2011/04/15 v1.7 Rerun checks for auxiliary files (HO)
Package uniquecounter Info: New unique counter `rerunfilecheck' on input line 2
82.
)
\Hy@SectionHShift=\skip46
)
(/usr/share/texlive/texmf-dist/tex/latex/mh/mathtools.sty
Package: mathtools 2013/02/12 v1.13 mathematical typesetting tools

(/usr/share/texlive/texmf-dist/tex/latex/tools/calc.sty
Package: calc 2007/08/22 v4.3 Infix arithmetic (KKT,FJ)
\calc@Acount=\count110
\calc@Bcount=\count111
\calc@Adimen=\dimen116
\calc@Bdimen=\dimen117
\calc@Askip=\skip47
\calc@Bskip=\skip48
LaTeX Info: Redefining \setlength on input line 76.
LaTeX Info: Redefining \addtolength on input line 77.
\calc@Ccount=\count112
\calc@Cskip=\skip49
)
(/usr/share/texlive/texmf-dist/tex/latex/mh/mhsetup.sty
Package: mhsetup 2010/01/21 v1.2a programming setup (MH)
)
LaTeX Info: Thecontrolsequence`\['isalreadyrobust on input line 129.
LaTeX Info: Thecontrolsequence`\]'isalreadyrobust on input line 129.
\g_MT_multlinerow_int=\count113
\l_MT_multwidth_dim=\dimen118
\origjot=\skip50
\l_MT_shortvdotswithinadjustabove_dim=\dimen119
\l_MT_shortvdotswithinadjustbelow_dim=\dimen120
\l_MT_above_intertext_sep=\dimen121
\l_MT_below_intertext_sep=\dimen122
\l_MT_above_shortintertext_sep=\dimen123
\l_MT_below_shortintertext_sep=\dimen124
)
(/usr/share/texlive/texmf-dist/tex/latex/listings/listings.sty
\lst@mode=\count114
\lst@gtempboxa=\box28
\lst@token=\toks21
\lst@length=\count115
\lst@currlwidth=\dimen125
\lst@column=\count116
\lst@pos=\count117
\lst@lostspace=\dimen126
\lst@width=\dimen127
\lst@newlines=\count118
\lst@lineno=\count119
\lst@maxwidth=\dimen128

(/usr/share/texlive/texmf-dist/tex/latex/listings/lstmisc.sty
File: lstmisc.sty 2013/07/10 1.5 (Carsten Heinz)
\c@lstnumber=\count120
\lst@skipnumbers=\count121
\lst@framebox=\box29
)
(/usr/share/texlive/texmf-dist/tex/latex/listings/listings.cfg
File: listings.cfg 2013/06/27 1.5pre1 listings configuration
))
Package: listings 2013/07/10 1.5 (Carsten Heinz)

(./algorithms.sty

LaTeX Warning: You have requested package `algorithms',
               but the package provides `algorithm'.

Package: algorithm 2009/08/24 v0.1 Document Style `algorithm' - floating enviro
nment
(/usr/share/texlive/texmf-dist/tex/latex/float/float.sty
Package: float 2001/11/08 v1.3d Float enhancements (AL)
\c@float@type=\count122
\float@exts=\toks22
\float@box=\box30
\@float@everytoks=\toks23
\@floatcapt=\box31
)
(/usr/share/texlive/texmf-dist/tex/latex/base/ifthen.sty
Package: ifthen 2001/05/26 v1.1c Standard LaTeX ifthen package (DPC)
)
\@float@every@algorithm=\toks24
\c@algorithm=\count123
)
(/usr/share/texlive/texmf-dist/tex/latex/tools/multicol.sty
Package: multicol 2011/06/27 v1.7a multicolumn formatting (FMi)
\c@tracingmulticols=\count124
\mult@box=\box32
\multicol@leftmargin=\dimen129
\c@unbalance=\count125
\c@collectmore=\count126
\doublecol@number=\count127
\multicoltolerance=\count128
\multicolpretolerance=\count129
\full@width=\dimen130
\page@free=\dimen131
\premulticols=\dimen132
\postmulticols=\dimen133
\multicolsep=\skip51
\multicolbaselineskip=\skip52
\partial@page=\box33
\last@line=\box34
\mult@rightbox=\box35
\mult@grightbox=\box36
\mult@gfirstbox=\box37
\mult@firstbox=\box38
\@tempa=\box39
\@tempa=\box40
\@tempa=\box41
\@tempa=\box42
\@tempa=\box43
\@tempa=\box44
\@tempa=\box45
\@tempa=\box46
\@tempa=\box47
\@tempa=\box48
\@tempa=\box49
\@tempa=\box50
\@tempa=\box51
\@tempa=\box52
\@tempa=\box53
\@tempa=\box54
\@tempa=\box55
\c@columnbadness=\count130
\c@finalcolumnbadness=\count131
\last@try=\dimen134
\multicolovershoot=\dimen135
\multicolundershoot=\dimen136
\mult@nat@firstbox=\box56
\colbreak@box=\box57
\multicol@sort@counter=\count132
)
Package hyperref Info: Option `colorlinks' set `true' on input line 19.
 (./studynotes.aux)
\openout1 = `studynotes.aux'.

LaTeX Font Info:    Checking defaults for OML/cmm/m/it on input line 27.
LaTeX Font Info:    ... okay on input line 27.
LaTeX Font Info:    Checking defaults for T1/cmr/m/n on input line 27.
LaTeX Font Info:    ... okay on input line 27.
LaTeX Font Info:    Checking defaults for OT1/cmr/m/n on input line 27.
LaTeX Font Info:    ... okay on input line 27.
LaTeX Font Info:    Checking defaults for OMS/cmsy/m/n on input line 27.
LaTeX Font Info:    ... okay on input line 27.
LaTeX Font Info:    Checking defaults for OMX/cmex/m/n on input line 27.
LaTeX Font Info:    ... okay on input line 27.
LaTeX Font Info:    Checking defaults for U/cmr/m/n on input line 27.
LaTeX Font Info:    ... okay on input line 27.
LaTeX Font Info:    Checking defaults for PD1/pdf/m/n on input line 27.
LaTeX Font Info:    ... okay on input line 27.
\AtBeginShipoutBox=\box58
(/usr/share/texlive/texmf-dist/tex/latex/graphics/color.sty
Package: color 2005/11/14 v1.0j Standard LaTeX Color (DPC)

(/usr/share/texlive/texmf-dist/tex/latex/latexconfig/color.cfg
File: color.cfg 2007/01/18 v1.5 color configuration of teTeX/TeXLive
)
Package color Info: Driver file: pdftex.def on input line 130.

(/usr/share/texlive/texmf-dist/tex/latex/pdftex-def/pdftex.def
File: pdftex.def 2011/05/27 v0.06d Graphics/color for pdfTeX
\Gread@gobject=\count133

(/usr/share/texlive/texmf-dist/tex/context/base/supp-pdf.mkii
[Loading MPS to PDF converter (version 2006.09.02).]
\scratchcounter=\count134
\scratchdimen=\dimen137
\scratchbox=\box59
\nofMPsegments=\count135
\nofMParguments=\count136
\everyMPshowfont=\toks25
\MPscratchCnt=\count137
\MPscratchDim=\dimen138
\MPnumerator=\count138
\makeMPintoPDFobject=\count139
\everyMPtoPDFconversion=\toks26
)))
Package hyperref Info: Link coloring ON on input line 27.
 (/usr/share/texlive/texmf-dist/tex/latex/hyperref/nameref.sty
Package: nameref 2012/10/27 v2.43 Cross-referencing by name of section

(/usr/share/texlive/texmf-dist/tex/generic/oberdiek/gettitlestring.sty
Package: gettitlestring 2010/12/03 v1.4 Cleanup title references (HO)
)
\c@section@level=\count140
)
LaTeX Info: Redefining \ref on input line 27.
LaTeX Info: Redefining \pageref on input line 27.
LaTeX Info: Redefining \nameref on input line 27.

(./studynotes.out) (./studynotes.out)
\@outlinefile=\write3
\openout3 = `studynotes.out'.


(/usr/share/texlive/texmf-dist/tex/latex/graphics/graphicx.sty
Package: graphicx 1999/02/16 v1.0f Enhanced LaTeX Graphics (DPC,SPQR)

(/usr/share/texlive/texmf-dist/tex/latex/graphics/graphics.sty
Package: graphics 2009/02/05 v1.0o Standard LaTeX Graphics (DPC,SPQR)

(/usr/share/texlive/texmf-dist/tex/latex/graphics/trig.sty
Package: trig 1999/03/16 v1.09 sin cos tan (DPC)
)
(/usr/share/texlive/texmf-dist/tex/latex/latexconfig/graphics.cfg
File: graphics.cfg 2010/04/23 v1.9 graphics configuration of TeX Live
)
Package graphics Info: Driver file: pdftex.def on input line 91.
)
(/usr/share/texlive/texmf-dist/tex/latex/oberdiek/epstopdf-base.sty
Package: epstopdf-base 2010/02/09 v2.5 Base part for package epstopdf

(/usr/share/texlive/texmf-dist/tex/latex/oberdiek/grfext.sty
Package: grfext 2010/08/19 v1.1 Manage graphics extensions (HO)
)
Package grfext Info: Graphics extension search list:
(grfext)             [.png,.pdf,.jpg,.mps,.jpeg,.jbig2,.jb2,.PNG,.PDF,.JPG,.JPE
G,.JBIG2,.JB2,.eps]
(grfext)             \AppendGraphicsExtensions on input line 452.

(/usr/share/texlive/texmf-dist/tex/latex/latexconfig/epstopdf-sys.cfg
File: epstopdf-sys.cfg 2010/07/13 v1.3 Configuration of (r)epstopdf for TeX Liv
e
))
\Gin@req@height=\dimen139
\Gin@req@width=\dimen140
)
\c@lstlisting=\count141
LaTeX Font Info:    Try loading font information for U+msa on input line 29.

(/usr/share/texlive/texmf-dist/tex/latex/amsfonts/umsa.fd
File: umsa.fd 2013/01/14 v3.01 AMS symbols A
)
LaTeX Font Info:    Try loading font information for U+msb on input line 29.

(/usr/share/texlive/texmf-dist/tex/latex/amsfonts/umsb.fd
File: umsb.fd 2013/01/14 v3.01 AMS symbols B
) [1

{/var/lib/texmf/fonts/map/pdftex/updmap/pdftex.map}] (./studynotes.tocpdfTeX wa
rning (ext4): destination with the same identifier (name{page.1}) has been alre
ady used, duplicate ignored
<to be read again> 
                   \relax 
l.36 ...ving Problems by Searching}{17}{chapter.3}
                                                   [1

] [2] [3] [4]
Overfull \hbox (4.36176pt too wide) in paragraph at lines 217--217
 [][] [][]\OT1/cmr/m/n/10 Ex-am-ple: Partial-Order Plan-ning for Have-The-Cake-
And- 
 []

[5] [6] [7])
\tf@toc=\write4
\openout4 = `studynotes.toc'.

 (./study-note-chapters/week1.tex [8] [9

]
Chapter 1.
[10

] [11] [12]) (./study-note-chapters/week2.tex [13] [14

]
Chapter 2.
[15

] [16]
Chapter 3.
LaTeX Font Info:    Try loading font information for OMS+cmr on input line 95.
(/usr/share/texlive/texmf-dist/tex/latex/base/omscmr.fd
File: omscmr.fd 1999/05/25 v2.5h Standard LaTeX font definitions
)
LaTeX Font Info:    Font shape `OMS/cmr/m/n' in size <10> not available
(Font)              Font shape `OMS/cmsy/m/n' tried instead on input line 95.
 [17

] [18] [19]
[20] [21]
Underfull \hbox (badness 10000) in paragraph at lines 371--371
[]\OT1/cmr/m/n/10 Uniform-Cost
 []


Underfull \hbox (badness 10000) in paragraph at lines 371--371
[]\OT1/cmr/m/n/10 Depth-Limited
 []


Underfull \hbox (badness 10000) in paragraph at lines 371--371
[]\OT1/cmr/m/n/10 Iterative
 []


Overfull \hbox (84.51602pt too wide) in paragraph at lines 369--385
[]
 []

[22]) (./study-note-chapters/week3.tex [23] [24

]
Chapter 4.
[25

] [26] [27]
Chapter 5.
[28

]) (./study-note-chapters/week4.tex [29] [30] [31

]
Chapter 6.
[32

]
Underfull \hbox (badness 10000) in paragraph at lines 58--69

 []


Overfull \hbox (15.45801pt too wide) in paragraph at lines 58--69
[][]\OT1/cmtt/m/n/10 return heuristic value of $\OML/cmm/m/it/10 node$ \OT1/cmt
t/m/n/10 from perspective of player whose
 []


Underfull \hbox (badness 10000) in paragraph at lines 58--69

 []

[33]

Package hyperref Warning: Token not allowed in a PDF string (PDFDocEncoding):
(hyperref)                removing `math shift' on input line 101.


Package hyperref Warning: Token not allowed in a PDF string (PDFDocEncoding):
(hyperref)                removing `\alpha' on input line 101.


Package hyperref Warning: Token not allowed in a PDF string (PDFDocEncoding):
(hyperref)                removing `\beta' on input line 101.


Package hyperref Warning: Token not allowed in a PDF string (PDFDocEncoding):
(hyperref)                removing `math shift' on input line 101.


Package hyperref Warning: Token not allowed in a PDF string (PDFDocEncoding):
(hyperref)                removing `math shift' on input line 137.


Package hyperref Warning: Token not allowed in a PDF string (PDFDocEncoding):
(hyperref)                removing `\alpha' on input line 137.


Package hyperref Warning: Token not allowed in a PDF string (PDFDocEncoding):
(hyperref)                removing `\beta' on input line 137.


Package hyperref Warning: Token not allowed in a PDF string (PDFDocEncoding):
(hyperref)                removing `math shift' on input line 137.


Package hyperref Warning: Token not allowed in a PDF string (PDFDocEncoding):
(hyperref)                removing `\\' on input line 137.


Underfull \hbox (badness 10000) in paragraph at lines 137--138

 []


Package hyperref Warning: Token not allowed in a PDF string (PDFDocEncoding):
(hyperref)                removing `math shift' on input line 140.


Package hyperref Warning: Token not allowed in a PDF string (PDFDocEncoding):
(hyperref)                removing `\alpha' on input line 140.


Package hyperref Warning: Token not allowed in a PDF string (PDFDocEncoding):
(hyperref)                removing `\beta' on input line 140.


Package hyperref Warning: Token not allowed in a PDF string (PDFDocEncoding):
(hyperref)                removing `math shift' on input line 140.

[34]

Package hyperref Warning: Token not allowed in a PDF string (PDFDocEncoding):
(hyperref)                removing `math shift' on input line 153.


Package hyperref Warning: Token not allowed in a PDF string (PDFDocEncoding):
(hyperref)                removing `\alpha' on input line 153.


Package hyperref Warning: Token not allowed in a PDF string (PDFDocEncoding):
(hyperref)                removing `\beta' on input line 153.


Package hyperref Warning: Token not allowed in a PDF string (PDFDocEncoding):
(hyperref)                removing `math shift' on input line 153.

[35]
Overfull \hbox (2.31319pt too wide) in paragraph at lines 217--219
[]\OT1/cmr/m/n/10 Adaptations of $\OML/cmm/m/it/10  \OMS/cmsy/m/n/10 ^^@ \OML/
cmm/m/it/10 ^^L$ \OT1/cmr/m/n/10 prun-ing are pos-si-ble, pro-vided the eval-u-
a-tion is bounded. 
 []

[36]
Chapter 7.
[37

]) (./study-note-chapters/week5.tex [38] [39

]
Chapter 8.
[40

]
Overfull \hbox (3.07413pt too wide) in paragraph at lines 84--86
[]\OT1/cmr/m/n/10 on con-tin-u-ous vari-ables, e.g. $\OML/cmm/m/it/10 EndJob[] 
\OT1/cmr/m/n/10 + 5 \OMS/cmsy/m/n/10 ^^T \OML/cmm/m/it/10 StartJob[]$ 
 []

[41] [42] [43] [44]
Chapter 9.

Overfull \hbox (33.58403pt too wide) in paragraph at lines 219--229
[][] 
 []

[45

]
Overfull \hbox (1.13959pt too wide) in paragraph at lines 253--257
\OT1/cmr/m/n/10 For Con-tin-u-ous Pa-ram-e-ters, re-pro-duc-tion is just copy-i
ng, and mu-ta-tion is adding
 []


Overfull \hbox (6.69453pt too wide) in paragraph at lines 265--265
[]\OT1/cmr/bx/n/12 Hierarchical Evo-lu-tion-ary Re-Combination (HERCL) 
 []

) (./study-note-chapters/week6.tex [46] [47

]
Chapter 10.

Overfull \hbox (2.80605pt too wide) in paragraph at lines 6--8
[]\OT1/cmr/m/n/10 We have knowledge-based agents, which use in-ter-nal rep-re-s
en-ta-tions of knowl-
 []

LaTeX Font Info:    Font shape `OT1/cmtt/bx/n' in size <10> not available
(Font)              Font shape `OT1/cmtt/m/n' tried instead on input line 39.
[48

] [49]
Underfull \hbox (badness 10000) in paragraph at lines 104--113

 []


Underfull \hbox (badness 10000) in paragraph at lines 125--140

 []


Underfull \hbox (badness 10000) in paragraph at lines 125--140

 []

[50]
Overfull \hbox (4.92552pt too wide) in paragraph at lines 190--190
[] 
 []

[51]
LaTeX Font Info:    Font shape `OMS/cmr/m/n' in size <8> not available
(Font)              Font shape `OMS/cmsy/m/n' tried instead on input line 244.

Underfull \hbox (badness 10000) in paragraph at lines 233--248

 []

LaTeX Font Info:    Try loading font information for OMS+cmtt on input line 257
.
(/usr/share/texmf/tex/latex/R/tex/latex/omscmtt.fd
File: omscmtt.fd 
)
LaTeX Font Info:    Font shape `OMS/cmtt/m/n' in size <10> not available
(Font)              Font shape `OMS/cmsy/m/n' tried instead on input line 257.
 [52]
Overfull \hbox (22.9146pt too wide) in paragraph at lines 264--266
[]$\OMS/cmsy/m/n/10 M[]$ \OT1/cmr/m/n/10 is the only pos-si-ble model that sat-
is-fies $\OML/cmm/m/it/10 $ \OT1/cmr/m/n/10 and $\OML/cmm/m/it/10 ^^L$\OT1/cmr
/m/n/10 , i.e. $\OML/cmm/m/it/10  \OMS/cmsy/m/n/10 ^ \OML/cmm/m/it/10 ^^L \OMS
/cmsy/m/n/10 j[]\OT1/cmr/m/n/10 = \OML/cmm/m/it/10 mortal\OT1/cmr/m/n/10 (\OML/
cmm/m/it/10 socrates\OT1/cmr/m/n/10 )$. 
 []


Overfull \hbox (6.74796pt too wide) in paragraph at lines 273--274
[]\OMS/cmsy/m/n/10 f\OT1/cmtt/m/n/10 card($\OMS/cmsy/m/n/10 ~\OT1/cmr/m/n/10 7$
\OT1/cmtt/m/n/10 )=true, card($\OMS/cmsy/m/n/10 |\OT1/cmr/m/n/10 8$\OT1/cmtt/m/
n/10 )=true, red($\OMS/cmsy/m/n/10 ~\OT1/cmr/m/n/10 7$\OT1/cmtt/m/n/10 )=true, 
red($\OMS/cmsy/m/n/10 |\OT1/cmr/m/n/10 8$\OT1/cmtt/m/n/10 )=false\OMS/cmsy/m/n/
10 g \OT1/cmr/m/n/10 sat-
 []


Overfull \hbox (30.55354pt too wide) in paragraph at lines 275--277
[]\OT1/cmr/m/n/10 However, \OMS/cmsy/m/n/10 f\OT1/cmtt/m/n/10 card($\OMS/cmsy/m
/n/10 ~\OT1/cmr/m/n/10 7$\OT1/cmtt/m/n/10 )=true, card($\OMS/cmsy/m/n/10 |\OT1/
cmr/m/n/10 8$\OT1/cmtt/m/n/10 )=true, red($\OMS/cmsy/m/n/10 ~\OT1/cmr/m/n/10 7$
\OT1/cmtt/m/n/10 )=false, red($\OMS/cmsy/m/n/10 |\OT1/cmr/m/n/10 8$\OT1/cmtt/m/
n/10 )=true\OMS/cmsy/m/n/10 g
 []


Overfull \hbox (7.84631pt too wide) in paragraph at lines 280--280
[]\OT1/cmr/bx/n/14.4 Applied Logic: De-scrib-ing Games with GDL 
 []

[53] [54]
Overfull \hbox (23.16122pt too wide) in paragraph at lines 407--411
\OML/cmm/m/it/10 R[] \OMS/cmsy/m/n/10 ^ \OML/cmm/m/it/10 R[] \OMS/cmsy/m/n/10 ^
 \OML/cmm/m/it/10 R[] \OMS/cmsy/m/n/10 ^ \OML/cmm/m/it/10  \OMS/cmsy/m/n/10 ^ 
\OML/cmm/m/it/10 does\OT1/cmr/m/n/10 (\OML/cmm/m/it/10 xplayer; noop\OT1/cmr/m/
n/10 ) \OMS/cmsy/m/n/10 ^ \OML/cmm/m/it/10 does\OT1/cmr/m/n/10 (\OML/cmm/m/it/1
0 oplayer; mark\OT1/cmr/m/n/10 (1\OML/cmm/m/it/10 ; \OT1/cmr/m/n/10 3)) \OMS/cm
sy/m/n/10 j[]\OT1/cmr/m/n/10 = \OML/cmm/m/it/10 next\OT1/cmr/m/n/10 (\OML/cmm/m
/it/10 cell\OT1/cmr/m/n/10 (1\OML/cmm/m/it/10 ; \OT1/cmr/m/n/10 3\OML/cmm/m/it/
10 ; o\OT1/cmr/m/n/10 )) \OMS/cmsy/m/n/10 ^
 []


Overfull \hbox (87.8326pt too wide) in paragraph at lines 437--438
[][][][][][][][][][][][][][][][][][][][][][][][][][][][][][][][][][][][][][][][
][][][][][][][][] 
 []

[55]
Overfull \hbox (106.73256pt too wide) in paragraph at lines 438--439
[][][][][][][][][][][][][][][][][][][][][][][][][][][][][][][][][][][][][][][][
][][][][][][][][] 
 []


Overfull \hbox (106.73256pt too wide) in paragraph at lines 439--440
[][][][][][][][][][][][][][][][][][][][][][][][][][][][][][][][][][][][][][][][
] 
 []


Overfull \hbox (106.73256pt too wide) in paragraph at lines 440--441
[][][][][][][][][][][][][][][][][][][][][][][][][][][][][][][][][][][][][][][][
] 
 []

[56] [57]
Missing character: There is no â in font cmtt10!
Missing character: There is no ˆ in font cmtt10!
Missing character: There is no § in font cmtt10!

Overfull \hbox (32.99927pt too wide) in paragraph at lines 631--632
[][][][][][][][][][][][][][][][][][][][][][][][][][][][][][][][][][][] 
 []


Overfull \hbox (21.13269pt too wide) in paragraph at lines 640--641
[][][][][][][][][][][][][][][][][][][][][][][][][][][][][][][][][][][] 
 []

[58]
Overfull \hbox (67.5972pt too wide) in paragraph at lines 718--718
[] 
 []


Overfull \hbox (55.96596pt too wide) in paragraph at lines 722--724
[][][][][][][][][][][][][][][][][][][][][][][][][][][][][][][][][][][] 
 []


Overfull \hbox (0.37718pt too wide) in paragraph at lines 724--726
[][][][][][][][][][][][][][][][][][][][][][][][][][][][][][][] 
 []

[59]
Overfull \hbox (18.16603pt too wide) in paragraph at lines 746--747
[][][][][][][][][][][][][][][][][][][][][][][][][][][][][][][][][][][] 
 []

[60]
Overfull \hbox (14.0993pt too wide) in paragraph at lines 797--799
[][][][][][][][][][][][][][][][][][][][][][][][][] 
 []


Underfull \hbox (badness 10000) in paragraph at lines 806--811

 []

) (./study-note-chapters/week7.tex [61] [62

]
Chapter 11.

Overfull \hbox (24.46602pt too wide) in paragraph at lines 16--17
[][][][][][][][][][][][][][][][][][][][][][][][][][][][][][][][] 
 []


Overfull \hbox (62.63264pt too wide) in paragraph at lines 30--31
[][][][][][][][][][][][][][][][][][][][][][][][][][][][][][][][][][][][][] 
 []


Overfull \hbox (1.49933pt too wide) in paragraph at lines 35--36
[][][][][][][][][][][][][][][][][][][] 
 []

[63

]
Overfull \hbox (53.36603pt too wide) in paragraph at lines 62--64
[][][][][][][][][][][][][][][][][][][][][][][][][][][][][][][][][][][][][][][][
][][][][][] 
 []


Overfull \hbox (3.33282pt too wide) in paragraph at lines 68--70
[][][][][][][][][][][][][][][][][][][][][][][][][][][][][][][][][][][][][][][][
] 
 []


Overfull \hbox (121.1991pt too wide) in paragraph at lines 75--76
[][][][][][][][][][][][][][][][][][][][][][][][][][][][][][] 
 []


Overfull \hbox (133.79907pt too wide) in paragraph at lines 76--77
[][][][][][][][][][][][][][][][][][][][][][][][][][][][][] 
 []


Overfull \hbox (70.7992pt too wide) in paragraph at lines 81--82
[][][][][][][][][][][][][][][][][][][][][][][][][][][][][] 
 []


Overfull \hbox (5.92175pt too wide) in paragraph at lines 87--88
[][][][][][][][][][][][][][][][][][][][][][][][][][][][][][][][][][][][][][][][
] 
 []


Overfull \hbox (3.33282pt too wide) in paragraph at lines 88--89
[][][][][][][][][][][][][][][][][][][][][][][][][][][][][][][][][][][][][][][][
] 
 []

[64]
Overfull \hbox (0.31752pt too wide) in paragraph at lines 152--152
[][]\OT1/cmr/bx/n/10 Example: Partial-Order Plan-ning for Have-The-Cake-And-Eat
-It-Too 
 []

[65] [66]
Overfull \hbox (2.35146pt too wide) in paragraph at lines 220--220
[]\OT1/cmr/bx/n/12 Encoding Plan-ning Prob-lems in Propo-si-tional Logic 
 []


Overfull \hbox (18.82996pt too wide) in paragraph at lines 246--247
[][][][][][][][][][][][][][][][][][] 
 []

[67]
Overfull \hbox (12.7968pt too wide) in paragraph at lines 272--273
[][][][][][][][][][][][][][][][][][][][][][][][][][][][][][][][][][][][][][] 
 []


Overfull \hbox (49.42519pt too wide) in paragraph at lines 284--285
[][][][][][][][][][][][][][][][][][][][][][][][][][][][][][][][][][][][][][][][
][][] 
 []


Overfull \hbox (3.51736pt too wide) in paragraph at lines 300--302
[][][][][][][][][][][][][][][][][][][][][][][][][][][][][] 
 []

[68]
Chapter 12.
[69

] [70]
Overfull \hbox (39.26619pt too wide) in paragraph at lines 465--466
[][][][][][][][][][][][][][][][][][][][][][][][][][][][][][][][][][][][][][][] 

 []

[71]
Overfull \hbox (26.69928pt too wide) in paragraph at lines 491--492
[][][][][][][][][][][][][][][][][][] 
 []


Overfull \hbox (39.29926pt too wide) in paragraph at lines 492--493
[][][][][][][][][][][][][][][][][][][][] 
 []


Overfull \hbox (39.29926pt too wide) in paragraph at lines 493--494
[][][][][][][][][][][][][][][][][][][][] 
 []

) (./study-note-chapters/week8.tex [72] [73

]
Chapter 13.
[74

] [75] [76]
Overfull \hbox (16.07733pt too wide) in paragraph at lines 228--230
[]\OT1/cmr/m/n/10 which al-lows us to it-er-a-tively ap-prox-i-mate $\OML/cmm/m
/it/10 Q$ \OT1/cmr/m/n/10 by $[](\OML/cmm/m/it/10 s; a\OT1/cmr/m/n/10 ) \OMS/cm
sy/m/n/10   \OML/cmm/m/it/10 r \OT1/cmr/m/n/10 + \OML/cmm/m/it/10 ^^Nmax[][]\OT
1/cmr/m/n/10 (\OML/cmm/m/it/10 ^^N\OT1/cmr/m/n/10 (\OML/cmm/m/it/10 s; a\OT1/cm
r/m/n/10 )\OML/cmm/m/it/10 ; b\OT1/cmr/m/n/10 )$. 
 []

[77]) (./study-note-chapters/week9.tex [78] [79

]
Chapter 14.
[80

] [81]
Chapter 15.
[82

] [83] [84] [85] [86]
Chapter 16.
[87

]) (./study-note-chapters/week10.tex [88] [89

]
Chapter 17.

Package hyperref Warning: Difference (2) between bookmark levels is greater 
(hyperref)                than one, level fixed on input line 22.


Overfull \hbox (103.80241pt too wide) in paragraph at lines 42--44
[]\OT1/cmr/m/n/10 Probabilities re-late propo-si-tions to one's own state of kn
owl-edge. e.g. $\OML/cmm/m/it/10 P\OT1/cmr/m/n/10 (\OML/cmm/m/it/10 A[]\OMS/cms
y/m/n/10 j\OML/cmm/m/it/10 noreportedaccidents\OT1/cmr/m/n/10 ) =
 []

[90

]
Overfull \hbox (92.82207pt too wide) in paragraph at lines 48--50
[]\OT1/cmr/m/n/10 Probabilities of propo-si-tions change with new ev-i-dence: e
.g. $\OML/cmm/m/it/10 P\OT1/cmr/m/n/10 (\OML/cmm/m/it/10 A[]\OMS/cmsy/m/n/10 j\
OML/cmm/m/it/10 noreportedaccidents; \OT1/cmr/m/n/10 5\OML/cmm/m/it/10 a:m:\OT1
/cmr/m/n/10 ) =
 []

[91]
Overfull \hbox (79.8429pt too wide) in paragraph at lines 127--132
[]\OT1/cmr/m/n/10 Discrete ran-dom vari-ables (fi-nite or in-fi-nite), e.g. Wea
ther is one of $\OMS/cmsy/m/n/10 h\OML/cmm/m/it/10 sunny; rain; cloudy; snow\OM
S/cmsy/m/n/10 i$\OT1/cmr/m/n/10 .
 []


Overfull \hbox (10.2594pt too wide) in paragraph at lines 127--132
\OT1/cmr/m/n/10 clu-sive. Con-tin-u-ous ran-dom vari-ables (bounded or un-bound
ed), e.g. []\OT1/cmtt/m/n/10 Temp = 21.6\OT1/cmr/m/n/10 ;
 []


Overfull \hbox (14.73672pt too wide) in paragraph at lines 141--143
[]\OT1/cmr/m/n/10 Probability dis-tri-bu-tion gives val-ues for all pos-si-ble 
as-sign-ments: $\OML/cmm/m/it/10 P\OT1/cmr/m/n/10 (\OML/cmm/m/it/10 Weather\OT1
/cmr/m/n/10 ) =
 []


Overfull \hbox (93.38126pt too wide) in paragraph at lines 149--155
[]$\OML/cmm/m/it/10 P\OT1/cmr/m/n/10 (\OML/cmm/m/it/10 Weather; Cavity\OT1/cmr/
m/n/10 )$ is a 4 $\OMS/cmsy/m/n/10 ^^B$ \OT1/cmr/m/n/10 2 ma-trix of val-ues: [
] 
 []


Overfull \hbox (3.18102pt too wide) in paragraph at lines 160--162
\OT1/cmr/m/n/10 Express dis-tri-bu-tion as a parametrized func-tion. e.g. $\OML
/cmm/m/it/10 P\OT1/cmr/m/n/10 (\OML/cmm/m/it/10 X \OT1/cmr/m/n/10 = \OML/cmm/m/
it/10 x\OT1/cmr/m/n/10 ) = \OML/cmm/m/it/10 U\OT1/cmr/m/n/10 [18\OML/cmm/m/it/1
0 ; \OT1/cmr/m/n/10 26](\OML/cmm/m/it/10 x\OT1/cmr/m/n/10 ) =$
 []

[92]
Overfull \hbox (35.28423pt too wide) in paragraph at lines 177--179
[]\OT1/cmr/m/n/10 If we know more, e.g. cav-ity is also given, then we have $\O
ML/cmm/m/it/10 P\OT1/cmr/m/n/10 (\OML/cmm/m/it/10 cavity\OMS/cmsy/m/n/10 j\OML/
cmm/m/it/10 toothache; cavity\OT1/cmr/m/n/10 ) =
 []


Overfull \hbox (282.66895pt too wide) in paragraph at lines 204--204
[] 
 []


Overfull \hbox (119.00775pt too wide) in paragraph at lines 237--237
[] 
 []

)
Package atveryend Info: Empty hook `BeforeClearDocument' on input line 44.
 [93]
Package atveryend Info: Empty hook `AfterLastShipout' on input line 44.
 (./studynotes.aux)
Package atveryend Info: Executing hook `AtVeryEndDocument' on input line 44.
Package atveryend Info: Executing hook `AtEndAfterFileList' on input line 44.
Package rerunfilecheck Info: File `studynotes.out' has not changed.
(rerunfilecheck)             Checksum: E92453375BF74F89D4BCB7A2C6965656;23490.
Package atveryend Info: Empty hook `AtVeryVeryEnd' on input line 44.
 ) 
Here is how much of TeX's memory you used:
 9198 strings out of 495031
 132956 string characters out of 6181531
 332765 words of memory out of 5000000
 11372 multiletter control sequences out of 15000+600000
 14184 words of font info for 55 fonts, out of 8000000 for 9000
 14 hyphenation exceptions out of 8191
 40i,13n,33p,243b,1667s stack positions out of 5000i,500n,10000p,200000b,80000s
pdfTeX warning (dest): name{Hfootnote.3} has been referenced but does not exi
st, replaced by a fixed one

pdfTeX warning (dest): name{Hfootnote.2} has been referenced but does not exist
, replaced by a fixed one

pdfTeX warning (dest): name{Hfootnote.1} has been referenced but does not exist
, replaced by a fixed one

</usr/share/texlive/texmf-dist/fonts/type1/public/amsfonts/cm/cmbx10.pfb></usr/
share/texlive/texmf-dist/fonts/type1/public/amsfonts/cm/cmbx12.pfb></usr/share/
texlive/texmf-dist/fonts/type1/public/amsfonts/cm/cmex10.pfb></usr/share/texliv
e/texmf-dist/fonts/type1/public/amsfonts/cmextra/cmex7.pfb></usr/share/texlive/
texmf-dist/fonts/type1/public/amsfonts/cm/cmmi10.pfb></usr/share/texlive/texmf-
dist/fonts/type1/public/amsfonts/cm/cmmi5.pfb></usr/share/texlive/texmf-dist/fo
nts/type1/public/amsfonts/cm/cmmi7.pfb></usr/share/texlive/texmf-dist/fonts/typ
e1/public/amsfonts/cm/cmmi8.pfb></usr/share/texlive/texmf-dist/fonts/type1/publ
ic/amsfonts/cm/cmr10.pfb></usr/share/texlive/texmf-dist/fonts/type1/public/amsf
onts/cm/cmr12.pfb></usr/share/texlive/texmf-dist/fonts/type1/public/amsfonts/cm
/cmr17.pfb></usr/share/texlive/texmf-dist/fonts/type1/public/amsfonts/cm/cmr5.p
fb></usr/share/texlive/texmf-dist/fonts/type1/public/amsfonts/cm/cmr6.pfb></usr
/share/texlive/texmf-dist/fonts/type1/public/amsfonts/cm/cmr7.pfb></usr/share/t
exlive/texmf-dist/fonts/type1/public/amsfonts/cm/cmr8.pfb></usr/share/texlive/t
exmf-dist/fonts/type1/public/amsfonts/cm/cmsy10.pfb></usr/share/texlive/texmf-d
ist/fonts/type1/public/amsfonts/cm/cmsy5.pfb></usr/share/texlive/texmf-dist/fon
ts/type1/public/amsfonts/cm/cmsy7.pfb></usr/share/texlive/texmf-dist/fonts/type
1/public/amsfonts/cm/cmsy8.pfb></usr/share/texlive/texmf-dist/fonts/type1/publi
c/amsfonts/cm/cmti10.pfb></usr/share/texlive/texmf-dist/fonts/type1/public/amsf
onts/cm/cmtt10.pfb></usr/share/texlive/texmf-dist/fonts/type1/public/amsfonts/c
m/cmtt8.pfb></usr/share/texlive/texmf-dist/fonts/type1/public/amsfonts/symbols/
msam10.pfb>
Output written on studynotes.pdf (94 pages, 501747 bytes).
PDF statistics:
 2799 PDF objects out of 2984 (max. 8388607)
 2653 compressed objects within 27 object streams
 906 named destinations out of 1000 (max. 500000)
 2537 words of extra memory for PDF output out of 10000 (max. 10000000)

